-------------------------------------------------------------------------------
Test set: ExamplesTest
-------------------------------------------------------------------------------
Tests run: 1, Failures: 0, Errors: 1, Skipped: 0, Time elapsed: 0.009 s <<< FAILURE! - in ExamplesTest
testParallel  Time elapsed: 0.003 s  <<< ERROR!
java.lang.Error: 
Unresolved compilation problem: 
	The declared package "examples" does not match the expected package ""

	at ExamplesTest.<init>(ExamplesTest.java:1)

